<?xml version="1.0" encoding="UTF-8"?>
<testng-results skipped="0" failed="0" total="1" passed="1">
  <reporter-output>
  </reporter-output>
  <suite name="Default suite" duration-ms="16662" started-at="2017-11-27T06:00:33Z" finished-at="2017-11-27T06:00:49Z">
    <groups>
    </groups>
    <test name="Default test" duration-ms="16662" started-at="2017-11-27T06:00:33Z" finished-at="2017-11-27T06:00:49Z">
      <class name="Maven.Maven.Nnn">
        <test-method status="PASS" signature="browser()[pri:0, instance:Maven.Maven.Nnn@1fc5af1]" name="browser" duration-ms="16597" started-at="2017-11-26T22:00:33Z" finished-at="2017-11-26T22:00:49Z">
          <reporter-output>
          </reporter-output>
        </test-method> <!-- browser -->
      </class> <!-- Maven.Maven.Nnn -->
    </test> <!-- Default test -->
  </suite> <!-- Default suite -->
</testng-results>
